<?xml version="1.0" encoding="UTF-8"?>
<!-- Generated by org.testng.reporters.JUnitXMLReporter -->
<testsuite hostname="SAN-GG1BMQ2" ignored="0" name="Command line test" tests="4" failures="1" timestamp="20 feb 2020 18:00:13 GMT" time="121.448" errors="0">
  <testcase name="SaunaLimerickStrandHotelListed" time="26.774" classname="com.kneat.test.Tests">
    <failure type="java.lang.AssertionError" message="Limerick Strand Hotel should be Listed in webside with sauna filter, where true is: Listed and false is: Not listed expected [true] but found [false]">
      <![CDATA[java.lang.AssertionError: Limerick Strand Hotel should be Listed in webside with sauna filter, where true is: Listed and false is: Not listed expected [true] but found [false]
at com.kneat.pages.PageValidation.Validation(PageValidation.java:31)
at com.kneat.test.Tests.SaunaLimerickStrandHotelListed(Tests.java:44)
... Removed 37 stack frames]]>
    </failure>
  </testcase> <!-- SaunaLimerickStrandHotelListed -->
  <testcase name="SaunaGeorgeLimerickHotelNotListed" time="26.443" classname="com.kneat.test.Tests"/>
  <testcase name="FiveStarsTheSavoryHotelListed" time="6.557" classname="com.kneat.test.Tests"/>
  <testcase name="FiveStarsGeorgeLimerickHotelNotListed" time="26.771" classname="com.kneat.test.Tests"/>
</testsuite> <!-- Command line test -->
