<?xml version="1.0" encoding="UTF-8" ?>
<testsuite tests="12" failures="1" name="com.kneat.test.Tests" time="1,251.938" errors="0" skipped="11">
  <properties>
[...]
</properties>
  <testcase classname="com.kneat.test.Tests" name="setUp" time="104.327">
    <failure message="chrome not reachable
  (Session info: chrome=79.0.3945.130)
Build info: version: &apos;3.141.59&apos;, revision: &apos;e82be7d358&apos;, time: &apos;2018-11-14T08:17:03&apos;
System info: host: &apos;SAN-GG1BMQ2&apos;, ip: &apos;10.212.124.130&apos;, os.name: &apos;Windows 10&apos;, os.arch: &apos;amd64&apos;, os.version: &apos;10.0&apos;, java.version: &apos;1.8.0_231&apos;
Driver info: org.openqa.selenium.chrome.ChromeDriver
Capabilities {acceptInsecureCerts: false, browserName: chrome, browserVersion: 79.0.3945.130, chrome: {chromedriverVersion: 79.0.3945.36 (3582db32b3389..., userDataDir: C:\Users\ltorresb\AppData\L...}, goog:chromeOptions: {debuggerAddress: localhost:63307}, javascriptEnabled: true, networkConnectionEnabled: false, pageLoadStrategy: normal, platform: WINDOWS, platformName: WINDOWS, proxy: Proxy(), setWindowRect: true, strictFileInteractability: false, timeouts: {implicit: 0, pageLoad: 300000, script: 30000}, unhandledPromptBehavior: dismiss and notify}
Session ID: 992355382f8baf807f252fb56afbef22" type="org.openqa.selenium.WebDriverException">org.openqa.selenium.WebDriverException: chrome not reachable
  (Session info: chrome=79.0.3945.130)
Build info: version: &apos;3.141.59&apos;, revision: &apos;e82be7d358&apos;, time: &apos;2018-11-14T08:17:03&apos;
System info: host: &apos;SAN-GG1BMQ2&apos;, ip: &apos;10.212.124.130&apos;, os.name: &apos;Windows 10&apos;, os.arch: &apos;amd64&apos;, os.version: &apos;10.0&apos;, java.version: &apos;1.8.0_231&apos;
Driver info: org.openqa.selenium.chrome.ChromeDriver
Capabilities {acceptInsecureCerts: false, browserName: chrome, browserVersion: 79.0.3945.130, chrome: {chromedriverVersion: 79.0.3945.36 (3582db32b3389..., userDataDir: C:\Users\ltorresb\AppData\L...}, goog:chromeOptions: {debuggerAddress: localhost:63307}, javascriptEnabled: true, networkConnectionEnabled: false, pageLoadStrategy: normal, platform: WINDOWS, platformName: WINDOWS, proxy: Proxy(), setWindowRect: true, strictFileInteractability: false, timeouts: {implicit: 0, pageLoad: 300000, script: 30000}, unhandledPromptBehavior: dismiss and notify}
Session ID: 992355382f8baf807f252fb56afbef22
	at sun.reflect.NativeConstructorAccessorImpl.newInstance0(Native Method)
	at sun.reflect.NativeConstructorAccessorImpl.newInstance(NativeConstructorAccessorImpl.java:62)
	at sun.reflect.DelegatingConstructorAccessorImpl.newInstance(DelegatingConstructorAccessorImpl.java:45)
	at java.lang.reflect.Constructor.newInstance(Constructor.java:423)
	at org.openqa.selenium.remote.http.W3CHttpResponseCodec.createException(W3CHttpResponseCodec.java:187)
	at org.openqa.selenium.remote.http.W3CHttpResponseCodec.decode(W3CHttpResponseCodec.java:122)
	at org.openqa.selenium.remote.http.W3CHttpResponseCodec.decode(W3CHttpResponseCodec.java:49)
	at org.openqa.selenium.remote.HttpCommandExecutor.execute(HttpCommandExecutor.java:158)
	at org.openqa.selenium.remote.service.DriverCommandExecutor.execute(DriverCommandExecutor.java:83)
	at org.openqa.selenium.remote.RemoteWebDriver.execute(RemoteWebDriver.java:552)
	at org.openqa.selenium.remote.RemoteWebDriver.get(RemoteWebDriver.java:277)
	at com.kneat.test.Tests.setUp(Tests.java:25)
</failure>
    <system-out>Configuring TestNG with: org.apache.maven.surefire.testng.conf.TestNG652Configurator@73a8dfcc
</system-out>
    <system-err>Starting ChromeDriver 79.0.3945.36 (3582db32b33893869b8c1339e8f4d9ed1816f143-refs/branch-heads/3945@{#614}) on port 2688
Only local connections are allowed.
Please protect ports used by ChromeDriver and related test frameworks to prevent access by malicious code.
feb 19, 2020 11:22:49 AM org.openqa.selenium.remote.ProtocolHandshake createSession
INFORMACIÓN: Detected dialect: W3C
[1582122249.376][SEVERE]: Unable to receive message from renderer
[1582122255.393][WARNING]: Timed out connecting to Chrome, retrying...
[1582122259.394][WARNING]: Timed out connecting to Chrome, retrying...
</system-err>
  </testcase>
  <testcase classname="com.kneat.test.Tests" name="FirstTest" time="104.328">
    <skipped/>
  </testcase>
  <testcase classname="com.kneat.test.Tests" name="tearDown" time="104.328">
    <skipped/>
  </testcase>
  <testcase classname="com.kneat.test.Tests" name="setUp" time="104.328">
    <skipped/>
  </testcase>
  <testcase classname="com.kneat.test.Tests" name="SecondTest" time="104.328">
    <skipped/>
  </testcase>
  <testcase classname="com.kneat.test.Tests" name="tearDown" time="104.328">
    <skipped/>
  </testcase>
  <testcase classname="com.kneat.test.Tests" name="setUp" time="104.328">
    <skipped/>
  </testcase>
  <testcase classname="com.kneat.test.Tests" name="ThridTest" time="104.328">
    <skipped/>
  </testcase>
  <testcase classname="com.kneat.test.Tests" name="tearDown" time="104.328">
    <skipped/>
  </testcase>
  <testcase classname="com.kneat.test.Tests" name="setUp" time="104.329">
    <skipped/>
  </testcase>
  <testcase classname="com.kneat.test.Tests" name="ForthTest" time="104.329">
    <skipped/>
  </testcase>
  <testcase classname="com.kneat.test.Tests" name="tearDown" time="104.329">
    <skipped/>
  </testcase>
</testsuite>